[{"lat": 40.91715, "long": -74.058696}, {"lat": 42.166487, "long": -88.428351}, {"lat": 40.835849, "long": -111.389245}, {"lat": 46.960854, "long": -120.506468}, {"lat": 39.500592, "long": -77.574776}]@1692572151627
[{"lat": 42.166487, "long": -88.428351}, {"lat": 40.835849, "long": -111.389245}, {"lat": 46.960854, "long": -120.506468}, {"lat": 39.500592, "long": -77.574776}]@1692572292646
[{"lat": 42.166487, "long": -88.428351}, {"lat": 40.835849, "long": -111.389245}, {"lat": 46.960854, "long": -120.506468}, {"lat": 39.500592, "long": -77.574776}]@1692572437712
[{"lat": 42.166487, "long": -88.428351}, {"lat": 40.835849, "long": -111.389245}, {"lat": 46.960854, "long": -120.506468}, {"lat": 39.500592, "long": -77.574776}]@1692572569290
[{"lat": 42.166487, "long": -88.428351}, {"lat": 40.835849, "long": -111.389245}, {"lat": 46.960854, "long": -120.506468}]@1692572708458
[{"lat": 42.166487, "long": -88.428351}, {"lat": 40.835849, "long": -111.389245}, {"lat": 46.960854, "long": -120.506468}]@1692572836173
[{"lat": 42.166487, "long": -88.428351}, {"lat": 40.835849, "long": -111.389245}, {"lat": 46.960854, "long": -120.506468}]@1692572978151
[{"lat": 42.166487, "long": -88.428351}, {"lat": 40.835849, "long": -111.389245}, {"lat": 46.960854, "long": -120.506468}]@1692573154329
[{"lat": 42.166487, "long": -88.428351}, {"lat": 40.835849, "long": -111.389245}]@1692573291147
[{"lat": 40.835849, "long": -111.389245}, {"lat": 30.337011, "long": -90.098405}]@1692573432703
[{"lat": 30.337011, "long": -90.098405}]@1692573621578
[{"lat": 40.928118, "long": -73.841822}, {"lat": 30.337011, "long": -90.098405}]@1692573778641
[{"lat": 30.05744, "long": -89.943136}, {"lat": 37.024784, "long": -76.330401}, {"lat": 41.6164, "long": -84.579066}, {"lat": 33.758174, "long": -80.18176}]@1692576970975
[{"lat": 30.05744, "long": -89.943136}, {"lat": 37.024784, "long": -76.330401}, {"lat": 33.758174, "long": -80.18176}]@1692577105406
[{"lat": 30.05744, "long": -89.943136}, {"lat": 33.758174, "long": -80.18176}]@1692577278261
[{"lat": 30.05744, "long": -89.943136}, {"lat": 33.758174, "long": -80.18176}]@1692577411365
[{"lat": 30.05744, "long": -89.943136}, {"lat": 33.758174, "long": -80.18176}]@1692577546882
[{"lat": 35.102896, "long": -81.625753}, {"lat": 30.05744, "long": -89.943136}, {"lat": 38.558999, "long": -76.59836}, {"lat": 33.758174, "long": -80.18176}, {"lat": 42.237915, "long": -85.634105}]@1692577971803
[{"lat": 35.102896, "long": -81.625753}, {"lat": 30.05744, "long": -89.943136}, {"lat": 38.650177, "long": -76.872858}, {"lat": 38.558999, "long": -76.59836}, {"lat": 33.758174, "long": -80.18176}, {"lat": 42.237915, "long": -85.634105}]@1692578106990
[{"lat": 35.102896, "long": -81.625753}, {"lat": 30.05744, "long": -89.943136}, {"lat": 38.650177, "long": -76.872858}, {"lat": 38.558999, "long": -76.59836}, {"lat": 33.758174, "long": -80.18176}, {"lat": 42.237915, "long": -85.634105}]@1692578247992
[{"lat": 35.102896, "long": -81.625753}, {"lat": 30.05744, "long": -89.943136}, {"lat": 38.650177, "long": -76.872858}, {"lat": 38.558999, "long": -76.59836}, {"lat": 42.237915, "long": -85.634105}]@1692578384717
[{"lat": 35.102896, "long": -81.625753}, {"lat": 30.05744, "long": -89.943136}, {"lat": 38.650177, "long": -76.872858}, {"lat": 42.237915, "long": -85.634105}]@1692578529742
[{"lat": 35.102896, "long": -81.625753}, {"lat": 30.05744, "long": -89.943136}, {"lat": 38.650177, "long": -76.872858}, {"lat": 42.237915, "long": -85.634105}]@1692578670902
[{"lat": 35.102896, "long": -81.625753}, {"lat": 30.05744, "long": -89.943136}, {"lat": 38.651119, "long": -76.873058}, {"lat": 42.237915, "long": -85.634105}]@1692578807312
[{"lat": 35.102896, "long": -81.625753}, {"lat": 30.05744, "long": -89.943136}, {"lat": 38.651119, "long": -76.873058}, {"lat": 42.237915, "long": -85.634105}]@1692579032852
